 The given matrix is
    0.000   10.000    4.000   -2.000   -4.000
   -3.000  -17.000    1.000    2.000    2.000
    1.000    1.000    1.000    0.000    6.000
    8.000  -34.000   16.000  -10.000    4.000
 Sorting the matrix after           1 th column
    8.000  -34.000   16.000  -10.000    4.000
    3.000   17.000   -1.000   -2.000   -2.000
    1.000    1.000    1.000    0.000    6.000
    0.000   10.000    4.000   -2.000   -4.000
 Row equivalent matrix after           1 th row operations
    8.000  -34.000   16.000  -10.000    4.000
    0.000   29.750   -7.000    1.750   -3.500
    0.000    5.250   -1.000    1.250    5.500
    0.000   10.000    4.000   -2.000   -4.000
 Sorting the matrix after           2 th column
    8.000  -34.000   16.000  -10.000    4.000
    0.000   29.750   -7.000    1.750   -3.500
    0.000   10.000    4.000   -2.000   -4.000
    0.000    5.250   -1.000    1.250    5.500
 Row equivalent matrix after           2 th row operations
    8.000  -34.000   16.000  -10.000    4.000
    0.000   29.750   -7.000    1.750   -3.500
    0.000    0.000    6.353   -2.588   -2.824
    0.000    0.000    0.235    0.941    6.118
 Sorting the matrix after           3 th column
    8.000  -34.000   16.000  -10.000    4.000
    0.000   29.750   -7.000    1.750   -3.500
    0.000    0.000    6.353   -2.588   -2.824
    0.000    0.000    0.235    0.941    6.118
 Row equivalent matrix after           3 th row operations
    8.000  -34.000   16.000  -10.000    4.000
    0.000   29.750   -7.000    1.750   -3.500
    0.000    0.000    6.353   -2.588   -2.824
    0.000    0.000    0.000    1.037    6.222
 Final row echilon matrix
    8.000  -34.000   16.000  -10.000    4.000
    0.000   29.750   -7.000    1.750   -3.500
    0.000    0.000    6.353   -2.588   -2.824
    0.000    0.000    0.000    1.037    6.222
 Calculating the no of zero rows in row echilon matrix
 The system has unique solution
 The no of rows with all A"s zero           0
 Proceeding to convert A into diagonal matrix
    8.000    0.000    0.000    0.000   32.000
    0.000   29.750    0.000    0.000    0.000
    0.000    0.000    6.353    0.000   12.706
    0.000    0.000    0.000    1.037    6.222
 The solution for the system of linear equations is
   4.0000
   0.0000
   2.0000
   6.0000
